<?xml version="1.0" encoding="UTF-8" ?>
<testsuite failures="0" time="7.442" errors="0" skipped="0" tests="1" name="com.lin.MessageTest">
  <properties>
    <property name="java.runtime.name" value="Java(TM) SE Runtime Environment"/>
    <property name="sun.boot.library.path" value="C:\Program Files\Java\jdk1.7.0_71\jre\bin"/>
    <property name="java.vm.version" value="24.71-b01"/>
    <property name="java.vm.vendor" value="Oracle Corporation"/>
    <property name="java.vendor.url" value="http://java.oracle.com/"/>
    <property name="path.separator" value=";"/>
    <property name="java.vm.name" value="Java HotSpot(TM) 64-Bit Server VM"/>
    <property name="file.encoding.pkg" value="sun.io"/>
    <property name="user.script" value=""/>
    <property name="user.country" value="CN"/>
    <property name="sun.java.launcher" value="SUN_STANDARD"/>
    <property name="sun.os.patch.level" value="Service Pack 1"/>
    <property name="java.vm.specification.name" value="Java Virtual Machine Specification"/>
    <property name="user.dir" value="E:\workspace\kepler\rabbit_c2"/>
    <property name="java.runtime.version" value="1.7.0_71-b14"/>
    <property name="java.awt.graphicsenv" value="sun.awt.Win32GraphicsEnvironment"/>
    <property name="basedir" value="E:\workspace\kepler\rabbit_c2"/>
    <property name="java.endorsed.dirs" value="C:\Program Files\Java\jdk1.7.0_71\jre\lib\endorsed"/>
    <property name="os.arch" value="amd64"/>
    <property name="surefire.real.class.path" value="C:\Users\StoYtoZ\AppData\Local\Temp\surefirebooter7711854662304237809.jar"/>
    <property name="java.io.tmpdir" value="C:\Users\StoYtoZ\AppData\Local\Temp\"/>
    <property name="line.separator" value="
"/>
    <property name="java.vm.specification.vendor" value="Oracle Corporation"/>
    <property name="user.variant" value=""/>
    <property name="os.name" value="Windows 7"/>
    <property name="sun.jnu.encoding" value="GBK"/>
    <property name="java.library.path" value="C:\Program Files\Java\jdk1.7.0_71\jre\bin;C:\Windows\Sun\Java\bin;C:\Windows\system32;C:\Windows;C:/Program Files/Java/jdk1.7.0_71/bin/../jre/bin/server;C:/Program Files/Java/jdk1.7.0_71/bin/../jre/bin;C:/Program Files/Java/jdk1.7.0_71/bin/../jre/lib/amd64;C:\Program Files\Java\jdk1.7.0_71\bin;C:\Windows\system32;C:\Windows;C:\Windows\System32\Wbem;C:\Windows\System32\WindowsPowerShell\v1.0\;C:\Program Files\Intel\WiFi\bin\;C:\Program Files\Common Files\Intel\WirelessCommon\;C:\Program Files\WIDCOMM\Bluetooth Software\;C:\Program Files\WIDCOMM\Bluetooth Software\syswow64;D:\Server\Subversion\bin;C:\Program Files\Intel\WiFi\bin\;C:\Program Files\Common Files\Intel\WirelessCommon\;E:\开发工具\eclipse-jee-kepler-R-win64\eclipse;;."/>
    <property name="surefire.test.class.path" value="E:\workspace\kepler\rabbit_c2\target\test-classes;E:\workspace\kepler\rabbit_c2\target\classes;C:\Users\StoYtoZ\.m2\repository\org\springframework\amqp\spring-rabbit\1.3.5.RELEASE\spring-rabbit-1.3.5.RELEASE.jar;C:\Users\StoYtoZ\.m2\repository\org\springframework\amqp\spring-amqp\1.3.5.RELEASE\spring-amqp-1.3.5.RELEASE.jar;C:\Users\StoYtoZ\.m2\repository\org\springframework\retry\spring-retry\1.1.0.RELEASE\spring-retry-1.1.0.RELEASE.jar;C:\Users\StoYtoZ\.m2\repository\com\rabbitmq\amqp-client\3.3.4\amqp-client-3.3.4.jar;C:\Users\StoYtoZ\.m2\repository\org\springframework\spring-core\4.0.2.RELEASE\spring-core-4.0.2.RELEASE.jar;C:\Users\StoYtoZ\.m2\repository\commons-logging\commons-logging\1.1.3\commons-logging-1.1.3.jar;C:\Users\StoYtoZ\.m2\repository\org\springframework\spring-webmvc\4.0.2.RELEASE\spring-webmvc-4.0.2.RELEASE.jar;C:\Users\StoYtoZ\.m2\repository\org\springframework\spring-beans\4.0.2.RELEASE\spring-beans-4.0.2.RELEASE.jar;C:\Users\StoYtoZ\.m2\repository\org\springframework\spring-expression\4.0.2.RELEASE\spring-expression-4.0.2.RELEASE.jar;C:\Users\StoYtoZ\.m2\repository\org\springframework\spring-context\4.0.2.RELEASE\spring-context-4.0.2.RELEASE.jar;C:\Users\StoYtoZ\.m2\repository\org\springframework\spring-context-support\4.0.2.RELEASE\spring-context-support-4.0.2.RELEASE.jar;C:\Users\StoYtoZ\.m2\repository\org\springframework\spring-aop\4.0.2.RELEASE\spring-aop-4.0.2.RELEASE.jar;C:\Users\StoYtoZ\.m2\repository\aopalliance\aopalliance\1.0\aopalliance-1.0.jar;C:\Users\StoYtoZ\.m2\repository\org\springframework\spring-aspects\4.0.2.RELEASE\spring-aspects-4.0.2.RELEASE.jar;C:\Users\StoYtoZ\.m2\repository\org\aspectj\aspectjweaver\1.7.4\aspectjweaver-1.7.4.jar;C:\Users\StoYtoZ\.m2\repository\org\springframework\spring-tx\4.0.2.RELEASE\spring-tx-4.0.2.RELEASE.jar;C:\Users\StoYtoZ\.m2\repository\org\springframework\spring-jdbc\4.0.2.RELEASE\spring-jdbc-4.0.2.RELEASE.jar;C:\Users\StoYtoZ\.m2\repository\org\springframework\spring-web\4.0.2.RELEASE\spring-web-4.0.2.RELEASE.jar;C:\Users\StoYtoZ\.m2\repository\junit\junit\4.10\junit-4.10.jar;C:\Users\StoYtoZ\.m2\repository\org\hamcrest\hamcrest-core\1.1\hamcrest-core-1.1.jar;C:\Users\StoYtoZ\.m2\repository\log4j\log4j\1.2.16\log4j-1.2.16.jar;C:\Users\StoYtoZ\.m2\repository\org\slf4j\slf4j-api\1.7.7\slf4j-api-1.7.7.jar;C:\Users\StoYtoZ\.m2\repository\org\slf4j\slf4j-log4j12\1.7.7\slf4j-log4j12-1.7.7.jar;C:\Users\StoYtoZ\.m2\repository\org\springframework\spring-test\4.0.2.RELEASE\spring-test-4.0.2.RELEASE.jar;C:\Users\StoYtoZ\.m2\repository\javax\validation\validation-api\1.1.0.Final\validation-api-1.1.0.Final.jar;C:\Users\StoYtoZ\.m2\repository\org\hibernate\hibernate-validator\5.0.1.Final\hibernate-validator-5.0.1.Final.jar;C:\Users\StoYtoZ\.m2\repository\org\jboss\logging\jboss-logging\3.1.1.GA\jboss-logging-3.1.1.GA.jar;C:\Users\StoYtoZ\.m2\repository\com\fasterxml\classmate\0.8.0\classmate-0.8.0.jar;C:\Users\StoYtoZ\.m2\repository\net\sf\json-lib\json-lib\2.4\json-lib-2.4-jdk15.jar;C:\Users\StoYtoZ\.m2\repository\commons-beanutils\commons-beanutils\1.8.0\commons-beanutils-1.8.0.jar;C:\Users\StoYtoZ\.m2\repository\commons-collections\commons-collections\3.2.1\commons-collections-3.2.1.jar;C:\Users\StoYtoZ\.m2\repository\commons-lang\commons-lang\2.5\commons-lang-2.5.jar;C:\Users\StoYtoZ\.m2\repository\net\sf\ezmorph\ezmorph\1.0.6\ezmorph-1.0.6.jar;C:\Users\StoYtoZ\.m2\repository\org\quartz-scheduler\quartz\2.2.3\quartz-2.2.3.jar;C:\Users\StoYtoZ\.m2\repository\c3p0\c3p0\0.9.1.1\c3p0-0.9.1.1.jar;C:\Users\StoYtoZ\.m2\repository\org\quartz-scheduler\quartz-jobs\2.2.3\quartz-jobs-2.2.3.jar;C:\Users\StoYtoZ\.m2\repository\mysql\mysql-connector-java\5.1.5\mysql-connector-java-5.1.5.jar;"/>
    <property name="java.specification.name" value="Java Platform API Specification"/>
    <property name="java.class.version" value="51.0"/>
    <property name="sun.management.compiler" value="HotSpot 64-Bit Tiered Compilers"/>
    <property name="os.version" value="6.1"/>
    <property name="user.home" value="C:\Users\StoYtoZ"/>
    <property name="user.timezone" value="Asia/Shanghai"/>
    <property name="java.awt.printerjob" value="sun.awt.windows.WPrinterJob"/>
    <property name="java.specification.version" value="1.7"/>
    <property name="file.encoding" value="GBK"/>
    <property name="user.name" value="StoYtoZ"/>
    <property name="java.class.path" value="E:\workspace\kepler\rabbit_c2\target\test-classes;E:\workspace\kepler\rabbit_c2\target\classes;C:\Users\StoYtoZ\.m2\repository\org\springframework\amqp\spring-rabbit\1.3.5.RELEASE\spring-rabbit-1.3.5.RELEASE.jar;C:\Users\StoYtoZ\.m2\repository\org\springframework\amqp\spring-amqp\1.3.5.RELEASE\spring-amqp-1.3.5.RELEASE.jar;C:\Users\StoYtoZ\.m2\repository\org\springframework\retry\spring-retry\1.1.0.RELEASE\spring-retry-1.1.0.RELEASE.jar;C:\Users\StoYtoZ\.m2\repository\com\rabbitmq\amqp-client\3.3.4\amqp-client-3.3.4.jar;C:\Users\StoYtoZ\.m2\repository\org\springframework\spring-core\4.0.2.RELEASE\spring-core-4.0.2.RELEASE.jar;C:\Users\StoYtoZ\.m2\repository\commons-logging\commons-logging\1.1.3\commons-logging-1.1.3.jar;C:\Users\StoYtoZ\.m2\repository\org\springframework\spring-webmvc\4.0.2.RELEASE\spring-webmvc-4.0.2.RELEASE.jar;C:\Users\StoYtoZ\.m2\repository\org\springframework\spring-beans\4.0.2.RELEASE\spring-beans-4.0.2.RELEASE.jar;C:\Users\StoYtoZ\.m2\repository\org\springframework\spring-expression\4.0.2.RELEASE\spring-expression-4.0.2.RELEASE.jar;C:\Users\StoYtoZ\.m2\repository\org\springframework\spring-context\4.0.2.RELEASE\spring-context-4.0.2.RELEASE.jar;C:\Users\StoYtoZ\.m2\repository\org\springframework\spring-context-support\4.0.2.RELEASE\spring-context-support-4.0.2.RELEASE.jar;C:\Users\StoYtoZ\.m2\repository\org\springframework\spring-aop\4.0.2.RELEASE\spring-aop-4.0.2.RELEASE.jar;C:\Users\StoYtoZ\.m2\repository\aopalliance\aopalliance\1.0\aopalliance-1.0.jar;C:\Users\StoYtoZ\.m2\repository\org\springframework\spring-aspects\4.0.2.RELEASE\spring-aspects-4.0.2.RELEASE.jar;C:\Users\StoYtoZ\.m2\repository\org\aspectj\aspectjweaver\1.7.4\aspectjweaver-1.7.4.jar;C:\Users\StoYtoZ\.m2\repository\org\springframework\spring-tx\4.0.2.RELEASE\spring-tx-4.0.2.RELEASE.jar;C:\Users\StoYtoZ\.m2\repository\org\springframework\spring-jdbc\4.0.2.RELEASE\spring-jdbc-4.0.2.RELEASE.jar;C:\Users\StoYtoZ\.m2\repository\org\springframework\spring-web\4.0.2.RELEASE\spring-web-4.0.2.RELEASE.jar;C:\Users\StoYtoZ\.m2\repository\junit\junit\4.10\junit-4.10.jar;C:\Users\StoYtoZ\.m2\repository\org\hamcrest\hamcrest-core\1.1\hamcrest-core-1.1.jar;C:\Users\StoYtoZ\.m2\repository\log4j\log4j\1.2.16\log4j-1.2.16.jar;C:\Users\StoYtoZ\.m2\repository\org\slf4j\slf4j-api\1.7.7\slf4j-api-1.7.7.jar;C:\Users\StoYtoZ\.m2\repository\org\slf4j\slf4j-log4j12\1.7.7\slf4j-log4j12-1.7.7.jar;C:\Users\StoYtoZ\.m2\repository\org\springframework\spring-test\4.0.2.RELEASE\spring-test-4.0.2.RELEASE.jar;C:\Users\StoYtoZ\.m2\repository\javax\validation\validation-api\1.1.0.Final\validation-api-1.1.0.Final.jar;C:\Users\StoYtoZ\.m2\repository\org\hibernate\hibernate-validator\5.0.1.Final\hibernate-validator-5.0.1.Final.jar;C:\Users\StoYtoZ\.m2\repository\org\jboss\logging\jboss-logging\3.1.1.GA\jboss-logging-3.1.1.GA.jar;C:\Users\StoYtoZ\.m2\repository\com\fasterxml\classmate\0.8.0\classmate-0.8.0.jar;C:\Users\StoYtoZ\.m2\repository\net\sf\json-lib\json-lib\2.4\json-lib-2.4-jdk15.jar;C:\Users\StoYtoZ\.m2\repository\commons-beanutils\commons-beanutils\1.8.0\commons-beanutils-1.8.0.jar;C:\Users\StoYtoZ\.m2\repository\commons-collections\commons-collections\3.2.1\commons-collections-3.2.1.jar;C:\Users\StoYtoZ\.m2\repository\commons-lang\commons-lang\2.5\commons-lang-2.5.jar;C:\Users\StoYtoZ\.m2\repository\net\sf\ezmorph\ezmorph\1.0.6\ezmorph-1.0.6.jar;C:\Users\StoYtoZ\.m2\repository\org\quartz-scheduler\quartz\2.2.3\quartz-2.2.3.jar;C:\Users\StoYtoZ\.m2\repository\c3p0\c3p0\0.9.1.1\c3p0-0.9.1.1.jar;C:\Users\StoYtoZ\.m2\repository\org\quartz-scheduler\quartz-jobs\2.2.3\quartz-jobs-2.2.3.jar;C:\Users\StoYtoZ\.m2\repository\mysql\mysql-connector-java\5.1.5\mysql-connector-java-5.1.5.jar;"/>
    <property name="java.vm.specification.version" value="1.7"/>
    <property name="sun.arch.data.model" value="64"/>
    <property name="java.home" value="C:\Program Files\Java\jdk1.7.0_71\jre"/>
    <property name="sun.java.command" value="C:\Users\StoYtoZ\AppData\Local\Temp\surefirebooter7711854662304237809.jar C:\Users\StoYtoZ\AppData\Local\Temp\surefire5479812502500786273tmp C:\Users\StoYtoZ\AppData\Local\Temp\surefire1118068027235605717tmp"/>
    <property name="java.specification.vendor" value="Oracle Corporation"/>
    <property name="user.language" value="zh"/>
    <property name="awt.toolkit" value="sun.awt.windows.WToolkit"/>
    <property name="java.vm.info" value="mixed mode"/>
    <property name="java.version" value="1.7.0_71"/>
    <property name="java.ext.dirs" value="C:\Program Files\Java\jdk1.7.0_71\jre\lib\ext;C:\Windows\Sun\Java\lib\ext"/>
    <property name="sun.boot.class.path" value="C:\Program Files\Java\jdk1.7.0_71\jre\lib\resources.jar;C:\Program Files\Java\jdk1.7.0_71\jre\lib\rt.jar;C:\Program Files\Java\jdk1.7.0_71\jre\lib\sunrsasign.jar;C:\Program Files\Java\jdk1.7.0_71\jre\lib\jsse.jar;C:\Program Files\Java\jdk1.7.0_71\jre\lib\jce.jar;C:\Program Files\Java\jdk1.7.0_71\jre\lib\charsets.jar;C:\Program Files\Java\jdk1.7.0_71\jre\lib\jfr.jar;C:\Program Files\Java\jdk1.7.0_71\jre\classes"/>
    <property name="java.vendor" value="Oracle Corporation"/>
    <property name="localRepository" value="C:\Users\StoYtoZ\.m2\repository"/>
    <property name="file.separator" value="\"/>
    <property name="java.vendor.url.bug" value="http://bugreport.sun.com/bugreport/"/>
    <property name="sun.cpu.endian" value="little"/>
    <property name="sun.io.unicode.encoding" value="UnicodeLittle"/>
    <property name="sun.desktop" value="windows"/>
    <property name="sun.cpu.isalist" value="amd64"/>
  </properties>
  <testcase time="7.236" classname="com.lin.MessageTest" name="should_send_a_amq_message"/>
</testsuite>